<?xml version="1.0" encoding="UTF-8"?>
<testsuite xmlns:xsi="http://www.w3.org/2001/XMLSchema-instance" xsi:noNamespaceSchemaLocation="https://maven.apache.org/surefire/maven-surefire-plugin/xsd/surefire-test-report-3.0.xsd" version="3.0" name="Testing a basic scenario in Flink" time="28.14" tests="2" errors="0" skipped="0" failures="0">
  <properties>
    <property name="java.specification.version" value="16"/>
    <property name="sun.jnu.encoding" value="UTF-8"/>
    <property name="java.class.path" value="/Users/temporaryadmin/eclipse-workspace/FlinkAutomation/target/test-classes:/Users/temporaryadmin/eclipse-workspace/FlinkAutomation/target/classes:/Users/temporaryadmin/.m2/repository/junit/junit/4.11/junit-4.11.jar:/Users/temporaryadmin/.m2/repository/org/hamcrest/hamcrest-core/1.3/hamcrest-core-1.3.jar:/Users/temporaryadmin/.m2/repository/org/seleniumhq/selenium/selenium-java/4.1.0/selenium-java-4.1.0.jar:/Users/temporaryadmin/.m2/repository/org/seleniumhq/selenium/selenium-api/4.1.0/selenium-api-4.1.0.jar:/Users/temporaryadmin/.m2/repository/org/seleniumhq/selenium/selenium-chrome-driver/4.1.0/selenium-chrome-driver-4.1.0.jar:/Users/temporaryadmin/.m2/repository/com/google/auto/service/auto-service-annotations/1.0.1/auto-service-annotations-1.0.1.jar:/Users/temporaryadmin/.m2/repository/com/google/auto/service/auto-service/1.0.1/auto-service-1.0.1.jar:/Users/temporaryadmin/.m2/repository/com/google/auto/auto-common/1.2/auto-common-1.2.jar:/Users/temporaryadmin/.m2/repository/org/seleniumhq/selenium/selenium-chromium-driver/4.1.0/selenium-chromium-driver-4.1.0.jar:/Users/temporaryadmin/.m2/repository/org/seleniumhq/selenium/selenium-json/4.1.0/selenium-json-4.1.0.jar:/Users/temporaryadmin/.m2/repository/org/seleniumhq/selenium/selenium-devtools-v85/4.1.0/selenium-devtools-v85-4.1.0.jar:/Users/temporaryadmin/.m2/repository/org/seleniumhq/selenium/selenium-devtools-v94/4.1.0/selenium-devtools-v94-4.1.0.jar:/Users/temporaryadmin/.m2/repository/org/seleniumhq/selenium/selenium-devtools-v95/4.1.0/selenium-devtools-v95-4.1.0.jar:/Users/temporaryadmin/.m2/repository/org/seleniumhq/selenium/selenium-devtools-v96/4.1.0/selenium-devtools-v96-4.1.0.jar:/Users/temporaryadmin/.m2/repository/org/seleniumhq/selenium/selenium-edge-driver/4.1.0/selenium-edge-driver-4.1.0.jar:/Users/temporaryadmin/.m2/repository/org/seleniumhq/selenium/selenium-firefox-driver/4.1.0/selenium-firefox-driver-4.1.0.jar:/Users/temporaryadmin/.m2/repository/org/seleniumhq/selenium/selenium-firefox-xpi-driver/4.1.0/selenium-firefox-xpi-driver-4.1.0.jar:/Users/temporaryadmin/.m2/repository/org/seleniumhq/selenium/selenium-ie-driver/4.1.0/selenium-ie-driver-4.1.0.jar:/Users/temporaryadmin/.m2/repository/org/seleniumhq/selenium/selenium-opera-driver/4.1.0/selenium-opera-driver-4.1.0.jar:/Users/temporaryadmin/.m2/repository/org/seleniumhq/selenium/selenium-remote-driver/4.1.0/selenium-remote-driver-4.1.0.jar:/Users/temporaryadmin/.m2/repository/com/beust/jcommander/1.81/jcommander-1.81.jar:/Users/temporaryadmin/.m2/repository/io/netty/netty-buffer/4.1.69.Final/netty-buffer-4.1.69.Final.jar:/Users/temporaryadmin/.m2/repository/io/netty/netty-codec-http/4.1.69.Final/netty-codec-http-4.1.69.Final.jar:/Users/temporaryadmin/.m2/repository/io/netty/netty-codec/4.1.69.Final/netty-codec-4.1.69.Final.jar:/Users/temporaryadmin/.m2/repository/io/netty/netty-handler/4.1.69.Final/netty-handler-4.1.69.Final.jar:/Users/temporaryadmin/.m2/repository/io/netty/netty-common/4.1.69.Final/netty-common-4.1.69.Final.jar:/Users/temporaryadmin/.m2/repository/io/netty/netty-transport-native-epoll/4.1.69.Final/netty-transport-native-epoll-4.1.69.Final.jar:/Users/temporaryadmin/.m2/repository/io/netty/netty-transport-native-kqueue/4.1.69.Final/netty-transport-native-kqueue-4.1.69.Final.jar:/Users/temporaryadmin/.m2/repository/io/netty/netty-transport-native-unix-common/4.1.69.Final/netty-transport-native-unix-common-4.1.69.Final.jar:/Users/temporaryadmin/.m2/repository/io/netty/netty-transport/4.1.69.Final/netty-transport-4.1.69.Final.jar:/Users/temporaryadmin/.m2/repository/io/netty/netty-resolver/4.1.69.Final/netty-resolver-4.1.69.Final.jar:/Users/temporaryadmin/.m2/repository/io/opentelemetry/opentelemetry-api/1.9.0/opentelemetry-api-1.9.0.jar:/Users/temporaryadmin/.m2/repository/io/opentelemetry/opentelemetry-context/1.9.0/opentelemetry-context-1.9.0.jar:/Users/temporaryadmin/.m2/repository/io/opentelemetry/opentelemetry-exporter-logging/1.9.0/opentelemetry-exporter-logging-1.9.0.jar:/Users/temporaryadmin/.m2/repository/io/opentelemetry/opentelemetry-sdk-metrics/1.9.0-alpha/opentelemetry-sdk-metrics-1.9.0-alpha.jar:/Users/temporaryadmin/.m2/repository/io/opentelemetry/opentelemetry-sdk-logs/1.9.0-alpha/opentelemetry-sdk-logs-1.9.0-alpha.jar:/Users/temporaryadmin/.m2/repository/io/opentelemetry/opentelemetry-sdk-common/1.9.0/opentelemetry-sdk-common-1.9.0.jar:/Users/temporaryadmin/.m2/repository/io/opentelemetry/opentelemetry-sdk-extension-autoconfigure-spi/1.9.0/opentelemetry-sdk-extension-autoconfigure-spi-1.9.0.jar:/Users/temporaryadmin/.m2/repository/io/opentelemetry/opentelemetry-sdk-extension-autoconfigure/1.9.0-alpha/opentelemetry-sdk-extension-autoconfigure-1.9.0-alpha.jar:/Users/temporaryadmin/.m2/repository/io/opentelemetry/opentelemetry-sdk-trace/1.9.0/opentelemetry-sdk-trace-1.9.0.jar:/Users/temporaryadmin/.m2/repository/io/opentelemetry/opentelemetry-api-metrics/1.9.0-alpha/opentelemetry-api-metrics-1.9.0-alpha.jar:/Users/temporaryadmin/.m2/repository/io/opentelemetry/opentelemetry-sdk/1.9.0/opentelemetry-sdk-1.9.0.jar:/Users/temporaryadmin/.m2/repository/io/opentelemetry/opentelemetry-semconv/1.9.0-alpha/opentelemetry-semconv-1.9.0-alpha.jar:/Users/temporaryadmin/.m2/repository/io/ous/jtoml/2.0.0/jtoml-2.0.0.jar:/Users/temporaryadmin/.m2/repository/net/bytebuddy/byte-buddy/1.12.1/byte-buddy-1.12.1.jar:/Users/temporaryadmin/.m2/repository/org/apache/commons/commons-exec/1.3/commons-exec-1.3.jar:/Users/temporaryadmin/.m2/repository/org/asynchttpclient/async-http-client/2.12.3/async-http-client-2.12.3.jar:/Users/temporaryadmin/.m2/repository/org/asynchttpclient/async-http-client-netty-utils/2.12.3/async-http-client-netty-utils-2.12.3.jar:/Users/temporaryadmin/.m2/repository/io/netty/netty-codec-socks/4.1.60.Final/netty-codec-socks-4.1.60.Final.jar:/Users/temporaryadmin/.m2/repository/io/netty/netty-handler-proxy/4.1.60.Final/netty-handler-proxy-4.1.60.Final.jar:/Users/temporaryadmin/.m2/repository/io/netty/netty-transport-native-epoll/4.1.60.Final/netty-transport-native-epoll-4.1.60.Final-linux-x86_64.jar:/Users/temporaryadmin/.m2/repository/io/netty/netty-transport-native-kqueue/4.1.60.Final/netty-transport-native-kqueue-4.1.60.Final-osx-x86_64.jar:/Users/temporaryadmin/.m2/repository/org/reactivestreams/reactive-streams/1.0.3/reactive-streams-1.0.3.jar:/Users/temporaryadmin/.m2/repository/com/typesafe/netty/netty-reactive-streams/2.0.4/netty-reactive-streams-2.0.4.jar:/Users/temporaryadmin/.m2/repository/com/sun/activation/jakarta.activation/1.2.2/jakarta.activation-1.2.2.jar:/Users/temporaryadmin/.m2/repository/org/seleniumhq/selenium/selenium-http/4.1.0/selenium-http-4.1.0.jar:/Users/temporaryadmin/.m2/repository/net/jodah/failsafe/2.4.4/failsafe-2.4.4.jar:/Users/temporaryadmin/.m2/repository/org/seleniumhq/selenium/selenium-safari-driver/4.1.0/selenium-safari-driver-4.1.0.jar:/Users/temporaryadmin/.m2/repository/org/seleniumhq/selenium/selenium-support/4.1.0/selenium-support-4.1.0.jar:/Users/temporaryadmin/.m2/repository/io/cucumber/cucumber-java/4.2.6/cucumber-java-4.2.6.jar:/Users/temporaryadmin/.m2/repository/io/cucumber/cucumber-core/4.2.6/cucumber-core-4.2.6.jar:/Users/temporaryadmin/.m2/repository/io/cucumber/cucumber-html/0.2.7/cucumber-html-0.2.7.jar:/Users/temporaryadmin/.m2/repository/io/cucumber/gherkin/5.1.0/gherkin-5.1.0.jar:/Users/temporaryadmin/.m2/repository/io/cucumber/tag-expressions/1.1.1/tag-expressions-1.1.1.jar:/Users/temporaryadmin/.m2/repository/io/cucumber/cucumber-expressions/6.2.0/cucumber-expressions-6.2.0.jar:/Users/temporaryadmin/.m2/repository/io/cucumber/datatable/1.1.12/datatable-1.1.12.jar:/Users/temporaryadmin/.m2/repository/io/cucumber/datatable-dependencies/1.1.12/datatable-dependencies-1.1.12.jar:/Users/temporaryadmin/.m2/repository/io/cucumber/cucumber-junit/4.2.6/cucumber-junit-4.2.6.jar:/Users/temporaryadmin/.m2/repository/io/github/bonigarcia/webdrivermanager/5.0.3/webdrivermanager-5.0.3.jar:/Users/temporaryadmin/.m2/repository/org/slf4j/slf4j-api/1.7.32/slf4j-api-1.7.32.jar:/Users/temporaryadmin/.m2/repository/com/google/code/gson/gson/2.8.8/gson-2.8.8.jar:/Users/temporaryadmin/.m2/repository/org/jsoup/jsoup/1.14.2/jsoup-1.14.2.jar:/Users/temporaryadmin/.m2/repository/com/github/docker-java/docker-java/3.2.12/docker-java-3.2.12.jar:/Users/temporaryadmin/.m2/repository/com/github/docker-java/docker-java-core/3.2.12/docker-java-core-3.2.12.jar:/Users/temporaryadmin/.m2/repository/com/github/docker-java/docker-java-api/3.2.12/docker-java-api-3.2.12.jar:/Users/temporaryadmin/.m2/repository/com/fasterxml/jackson/core/jackson-annotations/2.10.3/jackson-annotations-2.10.3.jar:/Users/temporaryadmin/.m2/repository/commons-io/commons-io/2.6/commons-io-2.6.jar:/Users/temporaryadmin/.m2/repository/org/apache/commons/commons-compress/1.21/commons-compress-1.21.jar:/Users/temporaryadmin/.m2/repository/commons-lang/commons-lang/2.6/commons-lang-2.6.jar:/Users/temporaryadmin/.m2/repository/com/fasterxml/jackson/core/jackson-databind/2.10.3/jackson-databind-2.10.3.jar:/Users/temporaryadmin/.m2/repository/com/fasterxml/jackson/core/jackson-core/2.10.3/jackson-core-2.10.3.jar:/Users/temporaryadmin/.m2/repository/org/bouncycastle/bcpkix-jdk15on/1.64/bcpkix-jdk15on-1.64.jar:/Users/temporaryadmin/.m2/repository/org/bouncycastle/bcprov-jdk15on/1.64/bcprov-jdk15on-1.64.jar:/Users/temporaryadmin/.m2/repository/org/slf4j/jcl-over-slf4j/1.7.30/jcl-over-slf4j-1.7.30.jar:/Users/temporaryadmin/.m2/repository/com/github/docker-java/docker-java-transport-httpclient5/3.2.12/docker-java-transport-httpclient5-3.2.12.jar:/Users/temporaryadmin/.m2/repository/com/github/docker-java/docker-java-transport/3.2.12/docker-java-transport-3.2.12.jar:/Users/temporaryadmin/.m2/repository/org/apache/httpcomponents/client5/httpclient5/5.0.3/httpclient5-5.0.3.jar:/Users/temporaryadmin/.m2/repository/org/apache/httpcomponents/core5/httpcore5/5.0.2/httpcore5-5.0.2.jar:/Users/temporaryadmin/.m2/repository/commons-codec/commons-codec/1.13/commons-codec-1.13.jar:/Users/temporaryadmin/.m2/repository/net/java/dev/jna/jna/5.8.0/jna-5.8.0.jar:/Users/temporaryadmin/.m2/repository/com/google/guava/guava/30.1.1-jre/guava-30.1.1-jre.jar:/Users/temporaryadmin/.m2/repository/com/google/guava/failureaccess/1.0.1/failureaccess-1.0.1.jar:/Users/temporaryadmin/.m2/repository/com/google/guava/listenablefuture/9999.0-empty-to-avoid-conflict-with-guava/listenablefuture-9999.0-empty-to-avoid-conflict-with-guava.jar:/Users/temporaryadmin/.m2/repository/com/google/code/findbugs/jsr305/3.0.2/jsr305-3.0.2.jar:/Users/temporaryadmin/.m2/repository/org/checkerframework/checker-qual/3.8.0/checker-qual-3.8.0.jar:/Users/temporaryadmin/.m2/repository/com/google/errorprone/error_prone_annotations/2.5.1/error_prone_annotations-2.5.1.jar:/Users/temporaryadmin/.m2/repository/com/google/j2objc/j2objc-annotations/1.3/j2objc-annotations-1.3.jar:/Users/temporaryadmin/.m2/repository/org/brotli/dec/0.1.2/dec-0.1.2.jar:"/>
    <property name="java.vm.vendor" value="Oracle Corporation"/>
    <property name="sun.arch.data.model" value="64"/>
    <property name="java.vendor.url" value="https://java.oracle.com/"/>
    <property name="user.timezone" value="Europe/Berlin"/>
    <property name="os.name" value="Mac OS X"/>
    <property name="java.vm.specification.version" value="16"/>
    <property name="sun.java.launcher" value="SUN_STANDARD"/>
    <property name="user.country" value="GB"/>
    <property name="sun.boot.library.path" value="/Library/Java/JavaVirtualMachines/jdk-16.0.1.jdk/Contents/Home/lib"/>
    <property name="sun.java.command" value="/Users/temporaryadmin/eclipse-workspace/FlinkAutomation/target/surefire/surefirebooter9195875094171567414.jar /Users/temporaryadmin/eclipse-workspace/FlinkAutomation/target/surefire 2021-11-28T12-20-01_084-jvmRun1 surefire2868188096695382646tmp surefire_07339993931484955385tmp"/>
    <property name="http.nonProxyHosts" value="local|*.local|169.254/16|*.169.254/16"/>
    <property name="jdk.debug" value="release"/>
    <property name="surefire.test.class.path" value="/Users/temporaryadmin/eclipse-workspace/FlinkAutomation/target/test-classes:/Users/temporaryadmin/eclipse-workspace/FlinkAutomation/target/classes:/Users/temporaryadmin/.m2/repository/junit/junit/4.11/junit-4.11.jar:/Users/temporaryadmin/.m2/repository/org/hamcrest/hamcrest-core/1.3/hamcrest-core-1.3.jar:/Users/temporaryadmin/.m2/repository/org/seleniumhq/selenium/selenium-java/4.1.0/selenium-java-4.1.0.jar:/Users/temporaryadmin/.m2/repository/org/seleniumhq/selenium/selenium-api/4.1.0/selenium-api-4.1.0.jar:/Users/temporaryadmin/.m2/repository/org/seleniumhq/selenium/selenium-chrome-driver/4.1.0/selenium-chrome-driver-4.1.0.jar:/Users/temporaryadmin/.m2/repository/com/google/auto/service/auto-service-annotations/1.0.1/auto-service-annotations-1.0.1.jar:/Users/temporaryadmin/.m2/repository/com/google/auto/service/auto-service/1.0.1/auto-service-1.0.1.jar:/Users/temporaryadmin/.m2/repository/com/google/auto/auto-common/1.2/auto-common-1.2.jar:/Users/temporaryadmin/.m2/repository/org/seleniumhq/selenium/selenium-chromium-driver/4.1.0/selenium-chromium-driver-4.1.0.jar:/Users/temporaryadmin/.m2/repository/org/seleniumhq/selenium/selenium-json/4.1.0/selenium-json-4.1.0.jar:/Users/temporaryadmin/.m2/repository/org/seleniumhq/selenium/selenium-devtools-v85/4.1.0/selenium-devtools-v85-4.1.0.jar:/Users/temporaryadmin/.m2/repository/org/seleniumhq/selenium/selenium-devtools-v94/4.1.0/selenium-devtools-v94-4.1.0.jar:/Users/temporaryadmin/.m2/repository/org/seleniumhq/selenium/selenium-devtools-v95/4.1.0/selenium-devtools-v95-4.1.0.jar:/Users/temporaryadmin/.m2/repository/org/seleniumhq/selenium/selenium-devtools-v96/4.1.0/selenium-devtools-v96-4.1.0.jar:/Users/temporaryadmin/.m2/repository/org/seleniumhq/selenium/selenium-edge-driver/4.1.0/selenium-edge-driver-4.1.0.jar:/Users/temporaryadmin/.m2/repository/org/seleniumhq/selenium/selenium-firefox-driver/4.1.0/selenium-firefox-driver-4.1.0.jar:/Users/temporaryadmin/.m2/repository/org/seleniumhq/selenium/selenium-firefox-xpi-driver/4.1.0/selenium-firefox-xpi-driver-4.1.0.jar:/Users/temporaryadmin/.m2/repository/org/seleniumhq/selenium/selenium-ie-driver/4.1.0/selenium-ie-driver-4.1.0.jar:/Users/temporaryadmin/.m2/repository/org/seleniumhq/selenium/selenium-opera-driver/4.1.0/selenium-opera-driver-4.1.0.jar:/Users/temporaryadmin/.m2/repository/org/seleniumhq/selenium/selenium-remote-driver/4.1.0/selenium-remote-driver-4.1.0.jar:/Users/temporaryadmin/.m2/repository/com/beust/jcommander/1.81/jcommander-1.81.jar:/Users/temporaryadmin/.m2/repository/io/netty/netty-buffer/4.1.69.Final/netty-buffer-4.1.69.Final.jar:/Users/temporaryadmin/.m2/repository/io/netty/netty-codec-http/4.1.69.Final/netty-codec-http-4.1.69.Final.jar:/Users/temporaryadmin/.m2/repository/io/netty/netty-codec/4.1.69.Final/netty-codec-4.1.69.Final.jar:/Users/temporaryadmin/.m2/repository/io/netty/netty-handler/4.1.69.Final/netty-handler-4.1.69.Final.jar:/Users/temporaryadmin/.m2/repository/io/netty/netty-common/4.1.69.Final/netty-common-4.1.69.Final.jar:/Users/temporaryadmin/.m2/repository/io/netty/netty-transport-native-epoll/4.1.69.Final/netty-transport-native-epoll-4.1.69.Final.jar:/Users/temporaryadmin/.m2/repository/io/netty/netty-transport-native-kqueue/4.1.69.Final/netty-transport-native-kqueue-4.1.69.Final.jar:/Users/temporaryadmin/.m2/repository/io/netty/netty-transport-native-unix-common/4.1.69.Final/netty-transport-native-unix-common-4.1.69.Final.jar:/Users/temporaryadmin/.m2/repository/io/netty/netty-transport/4.1.69.Final/netty-transport-4.1.69.Final.jar:/Users/temporaryadmin/.m2/repository/io/netty/netty-resolver/4.1.69.Final/netty-resolver-4.1.69.Final.jar:/Users/temporaryadmin/.m2/repository/io/opentelemetry/opentelemetry-api/1.9.0/opentelemetry-api-1.9.0.jar:/Users/temporaryadmin/.m2/repository/io/opentelemetry/opentelemetry-context/1.9.0/opentelemetry-context-1.9.0.jar:/Users/temporaryadmin/.m2/repository/io/opentelemetry/opentelemetry-exporter-logging/1.9.0/opentelemetry-exporter-logging-1.9.0.jar:/Users/temporaryadmin/.m2/repository/io/opentelemetry/opentelemetry-sdk-metrics/1.9.0-alpha/opentelemetry-sdk-metrics-1.9.0-alpha.jar:/Users/temporaryadmin/.m2/repository/io/opentelemetry/opentelemetry-sdk-logs/1.9.0-alpha/opentelemetry-sdk-logs-1.9.0-alpha.jar:/Users/temporaryadmin/.m2/repository/io/opentelemetry/opentelemetry-sdk-common/1.9.0/opentelemetry-sdk-common-1.9.0.jar:/Users/temporaryadmin/.m2/repository/io/opentelemetry/opentelemetry-sdk-extension-autoconfigure-spi/1.9.0/opentelemetry-sdk-extension-autoconfigure-spi-1.9.0.jar:/Users/temporaryadmin/.m2/repository/io/opentelemetry/opentelemetry-sdk-extension-autoconfigure/1.9.0-alpha/opentelemetry-sdk-extension-autoconfigure-1.9.0-alpha.jar:/Users/temporaryadmin/.m2/repository/io/opentelemetry/opentelemetry-sdk-trace/1.9.0/opentelemetry-sdk-trace-1.9.0.jar:/Users/temporaryadmin/.m2/repository/io/opentelemetry/opentelemetry-api-metrics/1.9.0-alpha/opentelemetry-api-metrics-1.9.0-alpha.jar:/Users/temporaryadmin/.m2/repository/io/opentelemetry/opentelemetry-sdk/1.9.0/opentelemetry-sdk-1.9.0.jar:/Users/temporaryadmin/.m2/repository/io/opentelemetry/opentelemetry-semconv/1.9.0-alpha/opentelemetry-semconv-1.9.0-alpha.jar:/Users/temporaryadmin/.m2/repository/io/ous/jtoml/2.0.0/jtoml-2.0.0.jar:/Users/temporaryadmin/.m2/repository/net/bytebuddy/byte-buddy/1.12.1/byte-buddy-1.12.1.jar:/Users/temporaryadmin/.m2/repository/org/apache/commons/commons-exec/1.3/commons-exec-1.3.jar:/Users/temporaryadmin/.m2/repository/org/asynchttpclient/async-http-client/2.12.3/async-http-client-2.12.3.jar:/Users/temporaryadmin/.m2/repository/org/asynchttpclient/async-http-client-netty-utils/2.12.3/async-http-client-netty-utils-2.12.3.jar:/Users/temporaryadmin/.m2/repository/io/netty/netty-codec-socks/4.1.60.Final/netty-codec-socks-4.1.60.Final.jar:/Users/temporaryadmin/.m2/repository/io/netty/netty-handler-proxy/4.1.60.Final/netty-handler-proxy-4.1.60.Final.jar:/Users/temporaryadmin/.m2/repository/io/netty/netty-transport-native-epoll/4.1.60.Final/netty-transport-native-epoll-4.1.60.Final-linux-x86_64.jar:/Users/temporaryadmin/.m2/repository/io/netty/netty-transport-native-kqueue/4.1.60.Final/netty-transport-native-kqueue-4.1.60.Final-osx-x86_64.jar:/Users/temporaryadmin/.m2/repository/org/reactivestreams/reactive-streams/1.0.3/reactive-streams-1.0.3.jar:/Users/temporaryadmin/.m2/repository/com/typesafe/netty/netty-reactive-streams/2.0.4/netty-reactive-streams-2.0.4.jar:/Users/temporaryadmin/.m2/repository/com/sun/activation/jakarta.activation/1.2.2/jakarta.activation-1.2.2.jar:/Users/temporaryadmin/.m2/repository/org/seleniumhq/selenium/selenium-http/4.1.0/selenium-http-4.1.0.jar:/Users/temporaryadmin/.m2/repository/net/jodah/failsafe/2.4.4/failsafe-2.4.4.jar:/Users/temporaryadmin/.m2/repository/org/seleniumhq/selenium/selenium-safari-driver/4.1.0/selenium-safari-driver-4.1.0.jar:/Users/temporaryadmin/.m2/repository/org/seleniumhq/selenium/selenium-support/4.1.0/selenium-support-4.1.0.jar:/Users/temporaryadmin/.m2/repository/io/cucumber/cucumber-java/4.2.6/cucumber-java-4.2.6.jar:/Users/temporaryadmin/.m2/repository/io/cucumber/cucumber-core/4.2.6/cucumber-core-4.2.6.jar:/Users/temporaryadmin/.m2/repository/io/cucumber/cucumber-html/0.2.7/cucumber-html-0.2.7.jar:/Users/temporaryadmin/.m2/repository/io/cucumber/gherkin/5.1.0/gherkin-5.1.0.jar:/Users/temporaryadmin/.m2/repository/io/cucumber/tag-expressions/1.1.1/tag-expressions-1.1.1.jar:/Users/temporaryadmin/.m2/repository/io/cucumber/cucumber-expressions/6.2.0/cucumber-expressions-6.2.0.jar:/Users/temporaryadmin/.m2/repository/io/cucumber/datatable/1.1.12/datatable-1.1.12.jar:/Users/temporaryadmin/.m2/repository/io/cucumber/datatable-dependencies/1.1.12/datatable-dependencies-1.1.12.jar:/Users/temporaryadmin/.m2/repository/io/cucumber/cucumber-junit/4.2.6/cucumber-junit-4.2.6.jar:/Users/temporaryadmin/.m2/repository/io/github/bonigarcia/webdrivermanager/5.0.3/webdrivermanager-5.0.3.jar:/Users/temporaryadmin/.m2/repository/org/slf4j/slf4j-api/1.7.32/slf4j-api-1.7.32.jar:/Users/temporaryadmin/.m2/repository/com/google/code/gson/gson/2.8.8/gson-2.8.8.jar:/Users/temporaryadmin/.m2/repository/org/jsoup/jsoup/1.14.2/jsoup-1.14.2.jar:/Users/temporaryadmin/.m2/repository/com/github/docker-java/docker-java/3.2.12/docker-java-3.2.12.jar:/Users/temporaryadmin/.m2/repository/com/github/docker-java/docker-java-core/3.2.12/docker-java-core-3.2.12.jar:/Users/temporaryadmin/.m2/repository/com/github/docker-java/docker-java-api/3.2.12/docker-java-api-3.2.12.jar:/Users/temporaryadmin/.m2/repository/com/fasterxml/jackson/core/jackson-annotations/2.10.3/jackson-annotations-2.10.3.jar:/Users/temporaryadmin/.m2/repository/commons-io/commons-io/2.6/commons-io-2.6.jar:/Users/temporaryadmin/.m2/repository/org/apache/commons/commons-compress/1.21/commons-compress-1.21.jar:/Users/temporaryadmin/.m2/repository/commons-lang/commons-lang/2.6/commons-lang-2.6.jar:/Users/temporaryadmin/.m2/repository/com/fasterxml/jackson/core/jackson-databind/2.10.3/jackson-databind-2.10.3.jar:/Users/temporaryadmin/.m2/repository/com/fasterxml/jackson/core/jackson-core/2.10.3/jackson-core-2.10.3.jar:/Users/temporaryadmin/.m2/repository/org/bouncycastle/bcpkix-jdk15on/1.64/bcpkix-jdk15on-1.64.jar:/Users/temporaryadmin/.m2/repository/org/bouncycastle/bcprov-jdk15on/1.64/bcprov-jdk15on-1.64.jar:/Users/temporaryadmin/.m2/repository/org/slf4j/jcl-over-slf4j/1.7.30/jcl-over-slf4j-1.7.30.jar:/Users/temporaryadmin/.m2/repository/com/github/docker-java/docker-java-transport-httpclient5/3.2.12/docker-java-transport-httpclient5-3.2.12.jar:/Users/temporaryadmin/.m2/repository/com/github/docker-java/docker-java-transport/3.2.12/docker-java-transport-3.2.12.jar:/Users/temporaryadmin/.m2/repository/org/apache/httpcomponents/client5/httpclient5/5.0.3/httpclient5-5.0.3.jar:/Users/temporaryadmin/.m2/repository/org/apache/httpcomponents/core5/httpcore5/5.0.2/httpcore5-5.0.2.jar:/Users/temporaryadmin/.m2/repository/commons-codec/commons-codec/1.13/commons-codec-1.13.jar:/Users/temporaryadmin/.m2/repository/net/java/dev/jna/jna/5.8.0/jna-5.8.0.jar:/Users/temporaryadmin/.m2/repository/com/google/guava/guava/30.1.1-jre/guava-30.1.1-jre.jar:/Users/temporaryadmin/.m2/repository/com/google/guava/failureaccess/1.0.1/failureaccess-1.0.1.jar:/Users/temporaryadmin/.m2/repository/com/google/guava/listenablefuture/9999.0-empty-to-avoid-conflict-with-guava/listenablefuture-9999.0-empty-to-avoid-conflict-with-guava.jar:/Users/temporaryadmin/.m2/repository/com/google/code/findbugs/jsr305/3.0.2/jsr305-3.0.2.jar:/Users/temporaryadmin/.m2/repository/org/checkerframework/checker-qual/3.8.0/checker-qual-3.8.0.jar:/Users/temporaryadmin/.m2/repository/com/google/errorprone/error_prone_annotations/2.5.1/error_prone_annotations-2.5.1.jar:/Users/temporaryadmin/.m2/repository/com/google/j2objc/j2objc-annotations/1.3/j2objc-annotations-1.3.jar:/Users/temporaryadmin/.m2/repository/org/brotli/dec/0.1.2/dec-0.1.2.jar:"/>
    <property name="sun.cpu.endian" value="little"/>
    <property name="user.home" value="/Users/temporaryadmin"/>
    <property name="user.language" value="en"/>
    <property name="java.specification.vendor" value="Oracle Corporation"/>
    <property name="java.version.date" value="2021-04-20"/>
    <property name="java.home" value="/Library/Java/JavaVirtualMachines/jdk-16.0.1.jdk/Contents/Home"/>
    <property name="file.separator" value="/"/>
    <property name="basedir" value="/Users/temporaryadmin/eclipse-workspace/FlinkAutomation"/>
    <property name="java.vm.compressedOopsMode" value="Zero based"/>
    <property name="line.separator" value="&#10;"/>
    <property name="java.vm.specification.vendor" value="Oracle Corporation"/>
    <property name="java.specification.name" value="Java Platform API Specification"/>
    <property name="surefire.real.class.path" value="/Users/temporaryadmin/eclipse-workspace/FlinkAutomation/target/surefire/surefirebooter9195875094171567414.jar"/>
    <property name="sun.management.compiler" value="HotSpot 64-Bit Tiered Compilers"/>
    <property name="ftp.nonProxyHosts" value="local|*.local|169.254/16|*.169.254/16"/>
    <property name="java.runtime.version" value="16.0.1+9-24"/>
    <property name="user.name" value="temporaryadmin"/>
    <property name="path.separator" value=":"/>
    <property name="os.version" value="11.5"/>
    <property name="java.runtime.name" value="Java(TM) SE Runtime Environment"/>
    <property name="file.encoding" value="UTF-8"/>
    <property name="sun.nio.ch.bugLevel" value=""/>
    <property name="java.vm.name" value="Java HotSpot(TM) 64-Bit Server VM"/>
    <property name="localRepository" value="/Users/temporaryadmin/.m2/repository"/>
    <property name="java.vendor.url.bug" value="https://bugreport.java.com/bugreport/"/>
    <property name="java.io.tmpdir" value="/var/folders/vm/jcm72h_579g81z43z0bsl1kh0000gq/T/"/>
    <property name="java.version" value="16.0.1"/>
    <property name="user.dir" value="/Users/temporaryadmin/eclipse-workspace/FlinkAutomation"/>
    <property name="os.arch" value="x86_64"/>
    <property name="webdriver.gecko.driver" value="/Users/temporaryadmin/.cache/selenium/geckodriver/mac64/0.30.0/geckodriver"/>
    <property name="java.vm.specification.name" value="Java Virtual Machine Specification"/>
    <property name="java.library.path" value="/Users/temporaryadmin/Library/Java/Extensions:/Library/Java/Extensions:/Network/Library/Java/Extensions:/System/Library/Java/Extensions:/usr/lib/java:."/>
    <property name="java.vm.info" value="mixed mode, sharing"/>
    <property name="java.vendor" value="Oracle Corporation"/>
    <property name="java.vm.version" value="16.0.1+9-24"/>
    <property name="sun.io.unicode.encoding" value="UnicodeBig"/>
    <property name="socksNonProxyHosts" value="local|*.local|169.254/16|*.169.254/16"/>
    <property name="java.class.version" value="60.0"/>
  </properties>
  <testcase name="Testing a basic scenario in Flink" classname="Testing a basic scenario in Flink" time="27.545">
    <system-out><![CDATA[@tag

Feature: Testing a basic scenario in Flink



  @tag @TestScenario

  Scenario: Testing a basic scenario in Flink                                    # FeatureFiles/FlinkAutomation.feature:5

    Given User navigates to "Flink" webpage                                      # StepDefinations.hitURL(String)

    Then User "can" see "Current_temperature" text                               # StepDefinations.validate(String,String)

    And User "can" see "Moisturizers" text                                       # StepDefinations.validate(String,String)

    And User "can" see "Sunscreens" text                                         # StepDefinations.validate(String,String)

    When User selects "Buy_moisturizers" or "Buy_sunscreens" based on temparture # StepDefinations.selectMoistOrSun(String,String)

    Then User "can" see "MoisturizersOrSunscreens" text                          # StepDefinations.validate(String,String)

    And User "can" see "Cart" text                                               # StepDefinations.validate(String,String)

    When User select least expensive "SPF50OrAloe" item                          # StepDefinations.selectItem(String)

    And User select least expensive "SPF30OrAlmond" item                         # StepDefinations.selectItem(String)

    And User clicks on "Cart"                                                    # StepDefinations.clickAnything(String)

    Then User verifies the "ItemAndPrice" table                                  # StepDefinations.verifyItemPriceTable(String)

    And User verifies the "Total"                                                # StepDefinations.verifyTotal(String)

    When User clicks on "PayWithCard"                                            # StepDefinations.clickAnything(String)

    And User switches to "Stripe" frame                                          # StepDefinations.switchToFrame(String)

    And User enters "test@gamil.com" in "emailId"                                # StepDefinations.enterData(String,String)

    And User enters "4242 4242 4242 4242" in "card_number"                       # StepDefinations.enterData(String,String)

    And User enters "10/25" in "monthYear"                                       # StepDefinations.enterData(String,String)

    And User enters "007" in "cvc"                                               # StepDefinations.enterData(String,String)

    And User enters "12345" in "zipCode"                                         # StepDefinations.enterData(String,String)

    And User click on "PayInr"                                                   # StepDefinations.clickJS(String)

    And User switches out of "Stripe" frame                                      # StepDefinations.switchOutOfFrame(String)

    Then User "can" see "paymentSuccess" text                                    # StepDefinations.validate(String,String)

    And User "can" see "paymentText" text                                        # StepDefinations.validate(String,String)



@tag

Feature: Testing a basic scenario in Flink



  @tag @TestScenario

  Scenario: Testing a basic scenario in Flink                                    # FeatureFiles/Test.feature:5

    Given User navigates to "Flink" webpage                                      # StepDefinations.hitURL(String)

    Then User "can" see "Current_temperature" text                               # StepDefinations.validate(String,String)

    And User "can" see "Moisturizers" text                                       # StepDefinations.validate(String,String)

    And User "can" see "Sunscreens" text                                         # StepDefinations.validate(String,String)

    When User selects "Buy_moisturizers" or "Buy_sunscreens" based on temparture # StepDefinations.selectMoistOrSun(String,String)

    Then User "can" see "MoisturizersOrSunscreens" text                          # StepDefinations.validate(String,String)

    And User "can" see "Cart" text                                               # StepDefinations.validate(String,String)

    When User select least expensive "SPF50OrAloe" item                          # StepDefinations.selectItem(String)

    And User select least expensive "SPF30OrAlmond" item                         # StepDefinations.selectItem(String)

    And User clicks on "Cart"                                                    # StepDefinations.clickAnything(String)

    Then User verifies the "ItemAndPrice" table                                  # StepDefinations.verifyItemPriceTable(String)

    And User verifies the "Total"                                                # StepDefinations.verifyTotal(String)

    When User clicks on "PayWithCard"                                            # StepDefinations.clickAnything(String)

    And User switches to "Stripe" frame                                          # StepDefinations.switchToFrame(String)

    And User enters "test@gamil.com" in "emailId"                                # StepDefinations.enterData(String,String)

    And User enters "4242 4242 4242 4242" in "card_number"                       # StepDefinations.enterData(String,String)

    And User enters "10/25" in "monthYear"                                       # StepDefinations.enterData(String,String)

    And User enters "007" in "cvc"                                               # StepDefinations.enterData(String,String)

    And User enters "12345" in "zipCode"                                         # StepDefinations.enterData(String,String)

    And User click on "PayInr"                                                   # StepDefinations.clickJS(String)

    And User switches out of "Stripe" frame                                      # StepDefinations.switchOutOfFrame(String)

    Then User "can" see "paymentSuccess" text                                    # StepDefinations.validate(String,String)

    And User "can" see "paymentText" text                                        # StepDefinations.validate(String,String)


2
 Scenarios (
2 passed
)
46
 Steps (
46 passed
)
0m
28.252s

]]></system-out>
    <system-err><![CDATA[SLF4J: Failed to load class "org.slf4j.impl.StaticLoggerBinder".
SLF4J: Defaulting to no-operation (NOP) logger implementation
SLF4J: See http://www.slf4j.org/codes.html#StaticLoggerBinder for further details.
1638098402589	geckodriver	INFO	Listening on 127.0.0.1:60444
1638098402852	mozrunner::runner	INFO	Running command: "/Applications/Firefox.app/Contents/MacOS/firefox-bin" "--marionette" "start-maximized" "enable-automation" "--no-sandbox" "--disable-infobars" "--disable-dev-shm-usage" "--disable-browser-side-navigation" "--disable-gpu" "--remote-debugging-port" "59650" "-foreground" "-no-remote" "-profile" "/var/folders/vm/jcm72h_579g81z43z0bsl1kh0000gq/T/rust_mozprofileVLNaBV"
1638098403346	Marionette	INFO	Marionette enabled
2021-11-28 12:20:04.071 firefox-bin[5951:99922] Warning: Expected min height of view: (<NSButton: 0x12c458c00>) to be less than or equal to 30 but got a height of 32.000000. This error will be logged once per view in violation.
2021-11-28 12:20:04.072 firefox-bin[5951:99922] Warning: Expected min height of view: (<NSButton: 0x12c45d400>) to be less than or equal to 30 but got a height of 32.000000. This error will be logged once per view in violation.
2021-11-28 12:20:04.073 firefox-bin[5951:99922] Warning: Expected min height of view: (<NSButton: 0x12c462800>) to be less than or equal to 30 but got a height of 32.000000. This error will be logged once per view in violation.
2021-11-28 12:20:04.073 firefox-bin[5951:99922] Warning: Expected min height of view: (<NSButton: 0x12c45cc00>) to be less than or equal to 30 but got a height of 32.000000. This error will be logged once per view in violation.
2021-11-28 12:20:04.074 firefox-bin[5951:99922] Warning: Expected min height of view: (<NSButton: 0x12c460400>) to be less than or equal to 30 but got a height of 32.000000. This error will be logged once per view in violation.
2021-11-28 12:20:04.074 firefox-bin[5951:99922] Warning: Expected min height of view: (<NSPopoverTouchBarItemButton: 0x12c463400>) to be less than or equal to 30 but got a height of 32.000000. This error will be logged once per view in violation.
2021-11-28 12:20:04.075 firefox-bin[5951:99922] Warning: Expected min height of view: (<NSPopoverTouchBarItemButton: 0x12c96c400>) to be less than or equal to 30 but got a height of 32.000000. This error will be logged once per view in violation.
console.warn: SearchSettings: "get: No settings file exists, new profile?" (new NotFoundError("Could not open the file at /var/folders/vm/jcm72h_579g81z43z0bsl1kh0000gq/T/rust_mozprofileVLNaBV/search.json.mozlz4", (void 0)))
console.error: BackgroundUpdate: 
  _reasonsToNotScheduleUpdates: Failed to check for Maintenance Service Registry Key: [Exception... "Component returned failure code: 0x80004001 (NS_ERROR_NOT_IMPLEMENTED) [nsIUpdateProcessor.getServiceRegKeyExists]"  nsresult: "0x80004001 (NS_ERROR_NOT_IMPLEMENTED)"  location: "JS frame :: resource://gre/modules/BackgroundUpdate.jsm :: _reasonsToNotScheduleUpdates :: line 243"  data: no]
DevTools listening on ws://localhost:59650/devtools/browser/4c58eb51-1554-6c45-8546-e821f3a6b5fa
1638098405697	Marionette	INFO	Listening on port 55703
1638098405741	RemoteAgent	WARN	TLS certificate errors will be ignored for this session
Nov 28, 2021 12:20:05 PM org.openqa.selenium.remote.ProtocolHandshake createSession
INFO: Detected dialect: W3C
JavaScript error: resource://gre/modules/XULStore.jsm, line 66: Error: Can't find profile directory.
JavaScript error: resource://gre/modules/XULStore.jsm, line 66: Error: Can't find profile directory.
Nov 28, 2021 12:20:29 PM org.openqa.selenium.devtools.CdpVersionFinder findNearestMatch
INFO: Found exact CDP implementation for version 85
]]></system-err>
  </testcase>
  <testcase name="Testing a basic scenario in Flink" classname="Testing a basic scenario in Flink" time="28.139">
    <system-err><![CDATA[1638098402589	geckodriver	INFO	Listening on 127.0.0.1:56339
1638098402852	mozrunner::runner	INFO	Running command: "/Applications/Firefox.app/Contents/MacOS/firefox-bin" "--marionette" "start-maximized" "enable-automation" "--no-sandbox" "--disable-infobars" "--disable-dev-shm-usage" "--disable-browser-side-navigation" "--disable-gpu" "--remote-debugging-port" "53735" "-foreground" "-no-remote" "-profile" "/var/folders/vm/jcm72h_579g81z43z0bsl1kh0000gq/T/rust_mozprofilexFNpYQ"
1638098403350	Marionette	INFO	Marionette enabled
2021-11-28 12:20:04.061 firefox-bin[5950:99921] Warning: Expected min height of view: (<NSButton: 0x12e6ebc00>) to be less than or equal to 30 but got a height of 32.000000. This error will be logged once per view in violation.
2021-11-28 12:20:04.062 firefox-bin[5950:99921] Warning: Expected min height of view: (<NSButton: 0x12e6e6000>) to be less than or equal to 30 but got a height of 32.000000. This error will be logged once per view in violation.
2021-11-28 12:20:04.062 firefox-bin[5950:99921] Warning: Expected min height of view: (<NSButton: 0x12e6eb000>) to be less than or equal to 30 but got a height of 32.000000. This error will be logged once per view in violation.
2021-11-28 12:20:04.063 firefox-bin[5950:99921] Warning: Expected min height of view: (<NSButton: 0x12e6e7800>) to be less than or equal to 30 but got a height of 32.000000. This error will be logged once per view in violation.
2021-11-28 12:20:04.063 firefox-bin[5950:99921] Warning: Expected min height of view: (<NSButton: 0x11309ec00>) to be less than or equal to 30 but got a height of 32.000000. This error will be logged once per view in violation.
2021-11-28 12:20:04.064 firefox-bin[5950:99921] Warning: Expected min height of view: (<NSPopoverTouchBarItemButton: 0x12e6e8800>) to be less than or equal to 30 but got a height of 32.000000. This error will be logged once per view in violation.
2021-11-28 12:20:04.065 firefox-bin[5950:99921] Warning: Expected min height of view: (<NSPopoverTouchBarItemButton: 0x12ebf7400>) to be less than or equal to 30 but got a height of 32.000000. This error will be logged once per view in violation.
console.warn: SearchSettings: "get: No settings file exists, new profile?" (new NotFoundError("Could not open the file at /var/folders/vm/jcm72h_579g81z43z0bsl1kh0000gq/T/rust_mozprofilexFNpYQ/search.json.mozlz4", (void 0)))
console.error: BackgroundUpdate: 
  _reasonsToNotScheduleUpdates: Failed to check for Maintenance Service Registry Key: [Exception... "Component returned failure code: 0x80004001 (NS_ERROR_NOT_IMPLEMENTED) [nsIUpdateProcessor.getServiceRegKeyExists]"  nsresult: "0x80004001 (NS_ERROR_NOT_IMPLEMENTED)"  location: "JS frame :: resource://gre/modules/BackgroundUpdate.jsm :: _reasonsToNotScheduleUpdates :: line 243"  data: no]
DevTools listening on ws://localhost:53735/devtools/browser/3ff11431-ab3c-c541-8b93-145a3029c3f1
1638098405564	Marionette	INFO	Listening on port 55704
1638098405637	RemoteAgent	WARN	TLS certificate errors will be ignored for this session
Nov 28, 2021 12:20:05 PM org.openqa.selenium.remote.ProtocolHandshake createSession
INFO: Detected dialect: W3C
JavaScript error: resource://gre/modules/XULStore.jsm, line 66: Error: Can't find profile directory.
JavaScript error: resource://gre/modules/XULStore.jsm, line 66: Error: Can't find profile directory.
Nov 28, 2021 12:20:30 PM org.openqa.selenium.devtools.CdpVersionFinder findNearestMatch
INFO: Found exact CDP implementation for version 85
]]></system-err>
  </testcase>
</testsuite>